<?xml version="1.0" encoding="UTF-8"?>
<!-- Generated by org.testng.reporters.JUnitReportReporter -->
<testsuite hostname="DESKTOP-H0OUOOC" failures="0" tests="3" name="com.ASTL.TestNG.DPseperateclassTest" time="0.026" errors="0" timestamp="2023-09-19T10:22:08 IST" skipped="0">
  <testcase classname="com.ASTL.TestNG.DPseperateclassTest" name="getexceldata" time="0.019"/>
  <system-out/>
  <testcase classname="com.ASTL.TestNG.DPseperateclassTest" name="getexceldata" time="0.004"/>
  <system-out/>
  <testcase classname="com.ASTL.TestNG.DPseperateclassTest" name="getexceldata" time="0.003"/>
  <system-out/>
</testsuite> <!-- com.ASTL.TestNG.DPseperateclassTest -->
