<?xml version="1.0" encoding="UTF-8"?>
<!-- Generated by org.testng.reporters.JUnitReportReporter -->
<testsuite hostname="DESKTOP-H0OUOOC" failures="0" tests="2" name="com.ASTL.TestNG.DataProviderTest" time="0.030" errors="0" timestamp="2023-09-15T12:51:14 IST" skipped="0">
  <testcase classname="com.ASTL.TestNG.DataProviderTest" name="getData" time="0.013"/>
  <system-out/>
  <testcase classname="com.ASTL.TestNG.DataProviderTest" name="getData" time="0.017"/>
  <system-out/>
</testsuite> <!-- com.ASTL.TestNG.DataProviderTest -->
