<?xml version="1.0" encoding="UTF-8"?>
<!-- Generated by org.testng.reporters.JUnitReportReporter -->
<testsuite hostname="DESKTOP-H0OUOOC" failures="0" tests="1" name="com.ASTL.Pomaccess.AddNomineePOMTest" time="4.094" errors="0" timestamp="2023-09-21T13:14:08 IST" skipped="0">
  <testcase classname="com.ASTL.Pomaccess.AddNomineePOMTest" name="addnewNominee" time="4.094"/>
  <system-out>
    <![CDATA[addnewNominee--------Execution Starts
addnewNominee---------TestScript execution successful]]>
  </system-out>
</testsuite> <!-- com.ASTL.Pomaccess.AddNomineePOMTest -->
