<?xml version="1.0" encoding="UTF-8"?>
<!-- Generated by org.testng.reporters.JUnitReportReporter -->
<testsuite hostname="DESKTOP-H0OUOOC" failures="0" tests="1" name="com.ASTL.TestNG.SoftassertTest" time="5.595" errors="0" timestamp="2023-09-20T12:48:46 IST" skipped="0">
  <testcase classname="com.ASTL.TestNG.SoftassertTest" name="softAssertTest" time="5.595"/>
  <system-out/>
</testsuite> <!-- com.ASTL.TestNG.SoftassertTest -->
