<?xml version="1.0" encoding="UTF-8"?>
<!-- Generated by org.testng.reporters.JUnitReportReporter -->
<testsuite hostname="DESKTOP-H0OUOOC" failures="0" tests="1" name="com.ASTL.TestNG.Sample" time="1.460" errors="0" timestamp="2023-09-20T17:35:49 IST" skipped="0">
  <testcase classname="com.ASTL.TestNG.Sample" name="sample" time="1.460"/>
  <system-out/>
</testsuite> <!-- com.ASTL.TestNG.Sample -->
