<?xml version="1.0" encoding="UTF-8"?>
<!-- Generated by org.testng.reporters.JUnitReportReporter -->
<testsuite hostname="DESKTOP-H0OUOOC" failures="0" tests="2" name="com.ASTL.TestNG.Example" time="10.916" errors="0" timestamp="2023-09-20T09:40:15 IST" skipped="0">
  <testcase classname="com.ASTL.TestNG.Example" name="example" time="6.063"/>
  <system-out/>
  <testcase classname="com.ASTL.TestNG.Example" name="example" time="4.853"/>
  <system-out/>
</testsuite> <!-- com.ASTL.TestNG.Example -->
