<?xml version="1.0" encoding="UTF-8"?>
<!-- Generated by org.testng.reporters.JUnitReportReporter -->
<testsuite hostname="DESKTOP-H0OUOOC" failures="0" tests="1" name="com.ASTL.Pomaccess.AddPaymentPOMTest" time="3.171" errors="0" timestamp="2023-09-21T13:14:08 IST" skipped="0">
  <testcase classname="com.ASTL.Pomaccess.AddPaymentPOMTest" name="addPayment" time="3.171"/>
  <system-out>
    <![CDATA[addPayment--------Execution Starts
addPayment---------TestScript execution successful]]>
  </system-out>
</testsuite> <!-- com.ASTL.Pomaccess.AddPaymentPOMTest -->
